<?xml version="1.0" encoding="UTF-8"?>
<!-- Generated by org.testng.reporters.JUnitReportReporter -->
<testsuite hostname="LAPTOP-KSE1UUP1" failures="0" tests="5" name="com.crm.qa.testcases.LoginPageTest" time="110.812" errors="0" timestamp="27 Aug 2020 06:28:03 GMT" skipped="0">
  <testcase classname="com.crm.qa.testcases.LoginPageTest" name="loginPageTitleTest" time="18.169"/>
  <testcase classname="com.crm.qa.testcases.LoginPageTest" name="VerifyemailIDfieldTest" time="34.813"/>
  <testcase classname="com.crm.qa.testcases.LoginPageTest" name="loginTest" time="11.329"/>
  <testcase classname="com.crm.qa.testcases.LoginPageTest" name="VerifypasswordfieldTest" time="26.515"/>
  <testcase classname="com.crm.qa.testcases.LoginPageTest" name="VerifyLoginBtnTest" time="19.986"/>
</testsuite> <!-- com.crm.qa.testcases.LoginPageTest -->
