<?xml version="1.0" encoding="UTF-8"?>
<!-- Generated by org.testng.reporters.JUnitReportReporter -->
<testsuite hostname="LAPTOP-KSE1UUP1" failures="0" tests="5" name="com.crm.qa.testcases.LoginPageTest" time="132.686" errors="0" timestamp="17 Aug 2020 13:25:46 GMT" skipped="0">
  <testcase classname="com.crm.qa.testcases.LoginPageTest" name="loginPageTitleTest" time="25.453"/>
  <testcase classname="com.crm.qa.testcases.LoginPageTest" name="VerifyemailIDfieldTest" time="15.698"/>
  <testcase classname="com.crm.qa.testcases.LoginPageTest" name="loginTest" time="33.315"/>
  <testcase classname="com.crm.qa.testcases.LoginPageTest" name="VerifypasswordfieldTest" time="39.796"/>
  <testcase classname="com.crm.qa.testcases.LoginPageTest" name="VerifyLoginBtnTest" time="18.424"/>
</testsuite> <!-- com.crm.qa.testcases.LoginPageTest -->
