<?xml version="1.0" encoding="UTF-8"?>
<!-- Generated by org.testng.reporters.JUnitReportReporter -->
<testsuite hostname="LAPTOP-KSE1UUP1" failures="0" tests="9" name="com.crm.qa.testcases.ContactsPageTest" time="489.858" errors="0" timestamp="27 Aug 2020 06:28:03 GMT" skipped="0">
  <testcase classname="com.crm.qa.testcases.ContactsPageTest" name="verifyContactsPageLabel" time="33.181"/>
  <testcase classname="com.crm.qa.testcases.ContactsPageTest" name="selectSingleContactsTest" time="50.055"/>
  <testcase classname="com.crm.qa.testcases.ContactsPageTest" name="selectMultipleContactsTest" time="54.773"/>
  <testcase classname="com.crm.qa.testcases.ContactsPageTest" name="deleteSingleContactsTest" time="65.353"/>
  <testcase classname="com.crm.qa.testcases.ContactsPageTest" name="deleteMultipleContactsTest" time="75.147"/>
  <testcase classname="com.crm.qa.testcases.ContactsPageTest" name="validateCreateNewContact" time="51.228"/>
  <testcase classname="com.crm.qa.testcases.ContactsPageTest" name="validateCreateNewContact" time="47.994"/>
  <testcase classname="com.crm.qa.testcases.ContactsPageTest" name="validateCreateNewContact" time="45.422"/>
  <testcase classname="com.crm.qa.testcases.ContactsPageTest" name="validateCreateNewContact" time="66.705"/>
</testsuite> <!-- com.crm.qa.testcases.ContactsPageTest -->
